2023-03-07 10:59:06,626 - __main__ - INFO - Image: /Users/mac/Desktop/TAILIEUHOC/DOANTOTNGHIEP/VITON/expertglasses/messi.jpg
2023-03-07 10:59:42,202 - __main__ - INFO - Image: /Users/mac/Desktop/TAILIEUHOC/DOANTOTNGHIEP/VITON/expertglasses/messi.jpg
2023-03-07 10:59:42,257 - __main__ - INFO - Updating new image...
2023-03-07 10:59:42,290 - __main__ - INFO - Extracting features...
2023-03-07 10:59:50,302 - __main__ - INFO - Cropping eyes...
2023-03-07 10:59:50,306 - __main__ - INFO - Cropping face...
2023-03-07 10:59:50,316 - __main__ - INFO - Loading model: eye_color_plus_aug_best_auc_64x64x3_3.h5
2023-03-07 11:00:32,440 - __main__ - INFO - Image: /Users/mac/Desktop/TAILIEUHOC/DOANTOTNGHIEP/VITON/expertglasses/messi.jpg
2023-03-07 11:00:32,498 - __main__ - INFO - Updating new image...
2023-03-07 11:00:32,530 - __main__ - INFO - Extracting features...
2023-03-07 11:00:38,132 - __main__ - INFO - Cropping eyes...
2023-03-07 11:00:38,137 - __main__ - INFO - Cropping face...
2023-03-07 11:00:38,145 - __main__ - INFO - Loading model: eye_color_plus_aug_best_auc_64x64x3_3.h5
2023-03-07 11:01:45,671 - __main__ - INFO - Image: /Users/mac/Desktop/TAILIEUHOC/DOANTOTNGHIEP/VITON/expertglasses/messi.jpg
2023-03-07 11:01:45,728 - __main__ - INFO - Updating new image...
2023-03-07 11:01:45,757 - __main__ - INFO - Extracting features...
2023-03-07 11:01:51,911 - __main__ - INFO - Cropping eyes...
2023-03-07 11:01:51,915 - __main__ - INFO - Cropping face...
2023-03-07 11:01:51,924 - __main__ - INFO - Loading model: eye_color_plus_aug_best_auc_64x64x3_3.h5
2023-03-07 11:01:54,610 - __main__ - INFO - Loading model: faceshapemod_aug_best_auc_128x128x1_7.h5
2023-03-07 11:01:57,495 - __main__ - INFO - Loading model: forehead_aug_5_128x128x1_3.h5
2023-03-07 11:02:00,658 - __main__ - INFO - Loading model: jawtypemod_aug_best_auc_128x128x1_3.h5
2023-03-07 11:02:03,992 - __main__ - INFO - Loading model: skintone_aug_best_auc_128x128x3_3.h5
2023-03-07 11:02:07,755 - __main__ - INFO - Loading model: conditional gan
2023-03-07 11:02:09,410 - __main__ - INFO - Loading model: super resolution gan
2023-03-07 11:02:13,511 - __main__ - INFO - Getting face vector...
2023-03-07 11:02:54,142 - __main__ - INFO - Image: /Users/mac/Desktop/TAILIEUHOC/DOANTOTNGHIEP/VITON/expertglasses/messi.jpg
2023-03-07 11:02:54,212 - __main__ - INFO - Updating new image...
2023-03-07 11:02:54,267 - __main__ - INFO - Extracting features...
2023-03-07 11:03:01,950 - __main__ - INFO - Cropping eyes...
2023-03-07 11:03:01,952 - __main__ - INFO - Cropping face...
2023-03-07 11:03:01,966 - __main__ - INFO - Loading model: eye_color_plus_aug_best_auc_64x64x3_3.h5
2023-03-07 11:03:05,305 - __main__ - INFO - Loading model: faceshapemod_aug_best_auc_128x128x1_7.h5
2023-03-07 11:03:08,200 - __main__ - INFO - Loading model: forehead_aug_5_128x128x1_3.h5
2023-03-07 11:03:11,394 - __main__ - INFO - Loading model: jawtypemod_aug_best_auc_128x128x1_3.h5
2023-03-07 11:03:14,759 - __main__ - INFO - Loading model: skintone_aug_best_auc_128x128x3_3.h5
2023-03-07 11:03:18,561 - __main__ - INFO - Loading model: conditional gan
2023-03-07 11:03:20,237 - __main__ - INFO - Loading model: super resolution gan
2023-03-07 11:03:24,330 - __main__ - INFO - Getting face vector...
2023-03-07 11:07:34,863 - __main__ - INFO - Image: /Users/mac/Desktop/TAILIEUHOC/DOANTOTNGHIEP/VITON/expertglasses/messi.jpg
2023-03-07 11:07:34,925 - __main__ - INFO - Updating new image...
2023-03-07 11:07:34,956 - __main__ - INFO - Extracting features...
2023-03-07 11:07:40,690 - __main__ - INFO - Cropping eyes...
2023-03-07 11:07:40,695 - __main__ - INFO - Cropping face...
2023-03-07 11:07:40,732 - __main__ - INFO - Loading model: eye_color_plus_aug_best_auc_64x64x3_3.h5
2023-03-07 11:07:43,667 - __main__ - INFO - Loading model: faceshapemod_aug_best_auc_128x128x1_7.h5
2023-03-07 11:07:46,680 - __main__ - INFO - Loading model: forehead_aug_5_128x128x1_3.h5
2023-03-07 11:07:50,942 - __main__ - INFO - Loading model: jawtypemod_aug_best_auc_128x128x1_3.h5
2023-03-07 11:07:54,430 - __main__ - INFO - Loading model: skintone_aug_best_auc_128x128x3_3.h5
2023-03-07 11:07:58,294 - __main__ - INFO - Loading model: conditional gan
2023-03-07 11:07:59,957 - __main__ - INFO - Loading model: super resolution gan
2023-03-07 11:08:04,056 - __main__ - INFO - Getting face vector...
2023-03-07 11:11:45,113 - __main__ - INFO - Image: /Users/mac/Desktop/TAILIEUHOC/DOANTOTNGHIEP/VITON/expertglasses/messi.jpg
2023-03-07 11:11:45,174 - __main__ - INFO - Updating new image...
2023-03-07 11:11:45,204 - __main__ - INFO - Extracting features...
2023-03-07 11:11:50,924 - __main__ - INFO - Cropping eyes...
2023-03-07 11:11:50,929 - __main__ - INFO - Cropping face...
2023-03-07 11:11:50,939 - __main__ - INFO - Loading model: eye_color_plus_aug_best_auc_64x64x3_3.h5
2023-03-07 11:11:53,657 - __main__ - INFO - Loading model: faceshapemod_aug_best_auc_128x128x1_7.h5
2023-03-07 11:11:56,549 - __main__ - INFO - Loading model: forehead_aug_5_128x128x1_3.h5
2023-03-07 11:11:59,733 - __main__ - INFO - Loading model: jawtypemod_aug_best_auc_128x128x1_3.h5
2023-03-07 11:12:03,098 - __main__ - INFO - Loading model: skintone_aug_best_auc_128x128x3_3.h5
2023-03-07 11:12:06,853 - __main__ - INFO - Loading model: conditional gan
2023-03-07 11:12:08,483 - __main__ - INFO - Loading model: super resolution gan
2023-03-07 11:12:12,581 - __main__ - INFO - Getting face vector...
2023-03-07 11:14:17,638 - __main__ - INFO - Image: /Users/mac/Desktop/TAILIEUHOC/DOANTOTNGHIEP/VITON/expertglasses/messi.jpg
2023-03-07 11:14:17,690 - __main__ - INFO - Updating new image...
2023-03-07 11:14:17,722 - __main__ - INFO - Extracting features...
2023-03-07 11:14:25,900 - __main__ - INFO - Cropping eyes...
2023-03-07 11:14:25,904 - __main__ - INFO - Cropping face...
2023-03-07 11:14:25,913 - __main__ - INFO - Loading model: eye_color_plus_aug_best_auc_64x64x3_3.h5
2023-03-07 11:14:28,692 - __main__ - INFO - Loading model: faceshapemod_aug_best_auc_128x128x1_7.h5
2023-03-07 11:14:31,581 - __main__ - INFO - Loading model: forehead_aug_5_128x128x1_3.h5
2023-03-07 11:14:34,753 - __main__ - INFO - Loading model: jawtypemod_aug_best_auc_128x128x1_3.h5
2023-03-07 11:14:38,075 - __main__ - INFO - Loading model: skintone_aug_best_auc_128x128x3_3.h5
2023-03-07 11:14:41,845 - __main__ - INFO - Loading model: conditional gan
2023-03-07 11:14:43,494 - __main__ - INFO - Loading model: super resolution gan
2023-03-07 11:14:47,582 - __main__ - INFO - Getting face vector...
2023-03-07 11:15:56,530 - __main__ - INFO - Image: /Users/mac/Desktop/TAILIEUHOC/DOANTOTNGHIEP/VITON/expertglasses/messi.jpg
2023-03-07 11:15:56,589 - __main__ - INFO - Updating new image...
2023-03-07 11:15:56,620 - __main__ - INFO - Extracting features...
2023-03-07 11:16:03,282 - __main__ - INFO - Cropping eyes...
2023-03-07 11:16:03,287 - __main__ - INFO - Cropping face...
2023-03-07 11:16:03,303 - __main__ - INFO - Loading model: eye_color_plus_aug_best_auc_64x64x3_3.h5
2023-03-07 11:16:06,040 - __main__ - INFO - Loading model: faceshapemod_aug_best_auc_128x128x1_7.h5
2023-03-07 11:16:08,924 - __main__ - INFO - Loading model: forehead_aug_5_128x128x1_3.h5
2023-03-07 11:16:12,087 - __main__ - INFO - Loading model: jawtypemod_aug_best_auc_128x128x1_3.h5
2023-03-07 11:16:15,421 - __main__ - INFO - Loading model: skintone_aug_best_auc_128x128x3_3.h5
2023-03-07 11:16:19,178 - __main__ - INFO - Loading model: conditional gan
2023-03-07 11:16:20,864 - __main__ - INFO - Loading model: super resolution gan
2023-03-07 11:16:25,025 - __main__ - INFO - Getting face vector...
2023-03-07 11:24:40,752 - __main__ - INFO - Image: /Users/mac/Desktop/TAILIEUHOC/DOANTOTNGHIEP/VITON/expertglasses/messi.jpg
2023-03-07 11:24:40,813 - __main__ - INFO - Updating new image...
2023-03-07 11:24:40,841 - __main__ - INFO - Extracting features...
2023-03-07 11:24:45,885 - __main__ - INFO - Cropping eyes...
2023-03-07 11:24:45,889 - __main__ - INFO - Cropping face...
2023-03-07 11:24:45,899 - __main__ - INFO - Loading model: eye_color_plus_aug_best_auc_64x64x3_3.h5
2023-03-07 11:24:48,535 - __main__ - INFO - Loading model: faceshapemod_aug_best_auc_128x128x1_7.h5
2023-03-07 11:24:51,397 - __main__ - INFO - Loading model: forehead_aug_5_128x128x1_3.h5
2023-03-07 11:24:54,564 - __main__ - INFO - Loading model: jawtypemod_aug_best_auc_128x128x1_3.h5
2023-03-07 11:24:57,932 - __main__ - INFO - Loading model: skintone_aug_best_auc_128x128x3_3.h5
2023-03-07 11:25:01,698 - __main__ - INFO - Loading model: conditional gan
2023-03-07 11:25:03,330 - __main__ - INFO - Loading model: super resolution gan
2023-03-07 11:25:07,389 - __main__ - INFO - Getting face vector...
2023-03-07 12:07:34,786 - __main__ - INFO - Image: /Users/mac/Desktop/TAILIEUHOC/DOANTOTNGHIEP/VITON/expertglasses/messi.jpg
2023-03-07 12:07:34,856 - __main__ - INFO - Updating new image...
2023-03-07 12:07:34,900 - __main__ - INFO - Extracting features...
2023-03-07 12:07:40,758 - __main__ - INFO - Cropping eyes...
2023-03-07 12:07:40,761 - __main__ - INFO - Cropping face...
2023-03-07 12:07:40,771 - __main__ - INFO - Loading model: eye_color_plus_aug_best_auc_64x64x3_3.h5
2023-03-07 12:07:43,506 - __main__ - INFO - Loading model: faceshapemod_aug_best_auc_128x128x1_7.h5
2023-03-07 12:07:46,368 - __main__ - INFO - Loading model: forehead_aug_5_128x128x1_3.h5
2023-03-07 12:07:49,536 - __main__ - INFO - Loading model: jawtypemod_aug_best_auc_128x128x1_3.h5
2023-03-07 12:07:52,852 - __main__ - INFO - Loading model: skintone_aug_best_auc_128x128x3_3.h5
2023-03-07 12:07:56,549 - __main__ - INFO - Loading model: conditional gan
2023-03-07 12:07:58,189 - __main__ - INFO - Loading model: super resolution gan
2023-03-07 12:08:02,249 - __main__ - INFO - Getting face vector...
2023-03-07 12:23:59,733 - __main__ - INFO - Image: /Users/mac/Desktop/TAILIEUHOC/DOANTOTNGHIEP/VITON/expertglasses/messi.jpg
2023-03-07 12:23:59,795 - __main__ - INFO - Updating new image...
2023-03-07 12:23:59,823 - __main__ - INFO - Extracting features...
2023-03-07 12:24:08,294 - __main__ - INFO - Cropping eyes...
2023-03-07 12:24:08,299 - __main__ - INFO - Cropping face...
2023-03-07 12:24:08,329 - __main__ - INFO - Loading model: eye_color_plus_aug_best_auc_64x64x3_3.h5
2023-03-07 12:24:11,126 - __main__ - INFO - Loading model: faceshapemod_aug_best_auc_128x128x1_7.h5
2023-03-07 12:24:14,028 - __main__ - INFO - Loading model: forehead_aug_5_128x128x1_3.h5
2023-03-07 12:24:17,188 - __main__ - INFO - Loading model: jawtypemod_aug_best_auc_128x128x1_3.h5
2023-03-07 12:24:20,512 - __main__ - INFO - Loading model: skintone_aug_best_auc_128x128x3_3.h5
2023-03-07 12:24:24,240 - __main__ - INFO - Loading model: conditional gan
2023-03-07 12:24:25,862 - __main__ - INFO - Loading model: super resolution gan
2023-03-07 12:24:29,931 - __main__ - INFO - Getting face vector...
2023-03-07 19:04:02,265 - __main__ - INFO - Image: /Users/mac/Desktop/TAILIEUHOC/DOANTOTNGHIEP/VITON/expertglasses/messi.jpg
2023-03-07 19:04:02,321 - __main__ - INFO - Updating new image...
2023-03-07 19:04:02,349 - __main__ - INFO - Extracting features...
2023-03-07 19:04:06,757 - __main__ - INFO - Cropping eyes...
2023-03-07 19:04:06,761 - __main__ - INFO - Cropping face...
2023-03-07 19:04:06,770 - __main__ - INFO - Loading model: eye_color_plus_aug_best_auc_64x64x3_3.h5
2023-03-07 19:04:09,439 - __main__ - INFO - Loading model: faceshapemod_aug_best_auc_128x128x1_7.h5
2023-03-07 19:04:12,268 - __main__ - INFO - Loading model: forehead_aug_5_128x128x1_3.h5
2023-03-07 19:04:15,389 - __main__ - INFO - Loading model: jawtypemod_aug_best_auc_128x128x1_3.h5
2023-03-07 19:04:18,671 - __main__ - INFO - Loading model: skintone_aug_best_auc_128x128x3_3.h5
2023-03-07 19:04:22,349 - __main__ - INFO - Loading model: conditional gan
2023-03-07 19:04:23,947 - __main__ - INFO - Loading model: super resolution gan
2023-03-07 19:04:28,006 - __main__ - INFO - Getting face vector...
2023-03-08 14:30:48,583 - __main__ - INFO - Image: /Users/mac/Desktop/TAILIEUHOC/DOANTOTNGHIEP/VITON/expertglasses/mesi.jpg
2023-03-08 14:30:48,638 - __main__ - INFO - Updating new image...
2023-03-08 14:30:48,651 - __main__ - INFO - Extracting features...
2023-03-08 14:30:53,533 - __main__ - INFO - Cropping eyes...
2023-03-08 14:30:53,535 - __main__ - INFO - Cropping face...
2023-03-08 14:30:53,539 - __main__ - INFO - Loading model: eye_color_plus_aug_best_auc_64x64x3_3.h5
2023-03-08 14:30:56,196 - __main__ - INFO - Loading model: faceshapemod_aug_best_auc_128x128x1_7.h5
2023-03-08 14:30:59,048 - __main__ - INFO - Loading model: forehead_aug_5_128x128x1_3.h5
2023-03-08 14:31:02,185 - __main__ - INFO - Loading model: jawtypemod_aug_best_auc_128x128x1_3.h5
2023-03-08 14:31:05,496 - __main__ - INFO - Loading model: skintone_aug_best_auc_128x128x3_3.h5
2023-03-08 14:31:09,164 - __main__ - INFO - Loading model: conditional gan
2023-03-08 14:31:10,762 - __main__ - INFO - Loading model: super resolution gan
2023-03-08 14:31:14,793 - __main__ - INFO - Getting face vector...
